<?xml version="1.0" encoding="UTF-8"?>
<?oxygen NVDLSchema="ead-extension.nvdl"?>
<ead:ead xmlns:ead="urn:isbn:1-931666-22-9" xmlns:ext="http://example.org/ead-extension/">
    <ead:eadheader>
        <ead:eadid/>
        <ead:filedesc>
            <ead:titlestmt>
                <ead:titleproper>TEST EAD FILE WITH EXTENSION FOR GEOCODING</ead:titleproper>
            </ead:titlestmt>
        </ead:filedesc>
    </ead:eadheader>
    <ead:archdesc level="collection">
        <ead:did>
            <ead:unittitle>test</ead:unittitle>
        </ead:did>
        <ead:controlaccess>
            <ead:geogname><ext:geocode code="1234">
                    <ext:lat>[latitude]</ext:lat>[geocode] <ext:long>[longitude]</ext:long>
                </ext:geocode>geogname</ead:geogname>
        </ead:controlaccess>
    </ead:archdesc>
</ead:ead>
